Using pre-set license
Built from '2020.3/staging' branch; Version is '2020.3.25f1 (9b9180224418) revision 10195328'; Using compiler version '192528614'; Build Type 'Release'
OS: 'Windows 10  (10.0.19043) 64bit Professional' Language: 'es' Physical Memory: 16315 MB
BatchMode: 1, IsHumanControllingUs: 0, StartBugReporterOnCrash: 0, Is64bit: 1, IsPro: 0

COMMAND LINE ARGUMENTS:
E:\unity\2020.3.25f1\Editor\Unity.exe
-adb2
-batchMode
-noUpm
-name
AssetImportWorker0
-projectPath
E:/escuela/davinci/materias 2do cuatrimestre/lunes/programaci贸n/final/Final
-logFile
Logs/AssetImportWorker0.log
-srvPort
63565
Successfully changed project path to: E:/escuela/davinci/materias 2do cuatrimestre/lunes/programaci贸n/final/Final
E:/escuela/davinci/materias 2do cuatrimestre/lunes/programaci贸n/final/Final
Using Asset Import Pipeline V2.
Refreshing native plugins compatible for Editor in 41.86 ms, found 2 plugins.
Preloading 0 native plugins for Editor in 0.00 ms.
Initialize engine version: 2020.3.25f1 (9b9180224418)
[Subsystems] Discovering subsystems at path E:/unity/2020.3.25f1/Editor/Data/Resources/UnitySubsystems
[Subsystems] Discovering subsystems at path E:/escuela/davinci/materias 2do cuatrimestre/lunes/programaci贸n/final/Final/Assets
GfxDevice: creating device client; threaded=0
Direct3D:
    Version:  Direct3D 11.0 [level 11.1]
    Renderer: AMD Radeon RX 6600 XT (ID=0x73ff)
    Vendor:   
    VRAM:     8147 MB
    Driver:   31.0.12026.3
Initialize mono
Mono path[0] = 'E:/unity/2020.3.25f1/Editor/Data/Managed'
Mono path[1] = 'E:/unity/2020.3.25f1/Editor/Data/MonoBleedingEdge/lib/mono/unityjit'
Mono config path = 'E:/unity/2020.3.25f1/Editor/Data/MonoBleedingEdge/etc'
Using monoOptions --debugger-agent=transport=dt_socket,embedding=1,server=y,suspend=n,address=127.0.0.1:56580
Begin MonoManager ReloadAssembly
Registering precompiled unity dll's ...
Register platform support module: E:/unity/2020.3.25f1/Editor/Data/PlaybackEngines/WindowsStandaloneSupport/UnityEditor.WindowsStandalone.Extensions.dll
Registered in 0.001409 seconds.
Native extension for WindowsStandalone target not found
Refreshing native plugins compatible for Editor in 45.45 ms, found 2 plugins.
Preloading 0 native plugins for Editor in 0.00 ms.
Mono: successfully reloaded assembly
- Completed reload, in  0.791 seconds
Domain Reload Profiling:
	ReloadAssembly (792ms)
		BeginReloadAssembly (71ms)
			ExecutionOrderSort (0ms)
			DisableScriptedObjects (0ms)
			BackupInstance (0ms)
			ReleaseScriptingObjects (0ms)
			CreateAndSetChildDomain (1ms)
		EndReloadAssembly (623ms)
			LoadAssemblies (70ms)
			RebuildTransferFunctionScriptingTraits (0ms)
			SetupTypeCache (208ms)
			ReleaseScriptCaches (0ms)
			RebuildScriptCaches (42ms)
			SetupLoadedEditorAssemblies (234ms)
				LogAssemblyErrors (0ms)
				InitializePlatformSupportModulesInManaged (5ms)
				SetLoadedEditorAssemblies (0ms)
				RefreshPlugins (46ms)
				BeforeProcessingInitializeOnLoad (22ms)
				ProcessInitializeOnLoadAttributes (117ms)
				ProcessInitializeOnLoadMethodAttributes (43ms)
				AfterProcessingInitializeOnLoad (0ms)
				EditorAssembliesLoaded (0ms)
			ExecutionOrderSort2 (0ms)
			AwakeInstancesAfterBackupRestoration (0ms)
Platform modules already initialized, skipping
Registering precompiled user dll's ...
Registered in 0.004634 seconds.
Begin MonoManager ReloadAssembly
Native extension for WindowsStandalone target not found
Refreshing native plugins compatible for Editor in 0.68 ms, found 2 plugins.
Preloading 0 native plugins for Editor in 0.00 ms.
Mono: successfully reloaded assembly
- Completed reload, in  1.434 seconds
Domain Reload Profiling:
	ReloadAssembly (1435ms)
		BeginReloadAssembly (188ms)
			ExecutionOrderSort (0ms)
			DisableScriptedObjects (7ms)
			BackupInstance (0ms)
			ReleaseScriptingObjects (0ms)
			CreateAndSetChildDomain (24ms)
		EndReloadAssembly (1166ms)
			LoadAssemblies (115ms)
			RebuildTransferFunctionScriptingTraits (0ms)
			SetupTypeCache (427ms)
			ReleaseScriptCaches (1ms)
			RebuildScriptCaches (61ms)
			SetupLoadedEditorAssemblies (427ms)
				LogAssemblyErrors (0ms)
				InitializePlatformSupportModulesInManaged (6ms)
				SetLoadedEditorAssemblies (1ms)
				RefreshPlugins (1ms)
				BeforeProcessingInitializeOnLoad (104ms)
				ProcessInitializeOnLoadAttributes (287ms)
				ProcessInitializeOnLoadMethodAttributes (24ms)
				AfterProcessingInitializeOnLoad (4ms)
				EditorAssembliesLoaded (0ms)
			ExecutionOrderSort2 (0ms)
			AwakeInstancesAfterBackupRestoration (9ms)
Platform modules already initialized, skipping
========================================================================
Worker process is ready to serve import requests
Launched and connected shader compiler UnityShaderCompiler.exe after 0.16 seconds
Refreshing native plugins compatible for Editor in 1.08 ms, found 2 plugins.
Preloading 0 native plugins for Editor in 0.00 ms.
Unloading 1619 Unused Serialized files (Serialized files now loaded: 0)
System memory in use before: 72.5 MB.
System memory in use after: 72.5 MB.

Unloading 23 unused Assets to reduce memory usage. Loaded Objects now: 2055.
Total: 4.800400 ms (FindLiveObjects: 0.292000 ms CreateObjectMapping: 0.078200 ms MarkObjects: 4.316600 ms  DeleteObjects: 0.110900 ms)

AssetImportParameters requested are different than current active one (requested -> active):
  custom:framework-win-MediaFoundation: 216162199b28c13a410421893ffa2e32 -> 
  custom:video-decoder-ogg-theora: a1e56fd34408186e4bbccfd4996cb3dc -> 
  custom:container-muxer-webm: aa71ff27fc2769a1b78a27578f13a17b -> 
  custom:container-demuxer-webm: 4f35f7cbe854078d1ac9338744f61a02 -> 
  custom:container-demuxer-ogg: 62fdf1f143b41e24485cea50d1cbac27 -> 
  custom:video-encoder-webm-vp8: eb34c28f22e8b96e1ab97ce403110664 -> 
  custom:video-decoder-webm-vp8: 9c59270c3fd7afecdb556c50c9e8de78 -> 
  custom:audio-decoder-ogg-vorbis: bf7c407c2cedff20999df2af8eb42d56 -> 
  custom:audio-encoder-webm-vorbis: bf7c407c2cedff20999df2af8eb42d56 -> 
========================================================================
Received Import Request.
  path: Assets/scripts/torreta.cs
  artifactKey: Guid(65f108c80db7ebf44a6686b1dbd056dd) Importer(815301076,1909f56bfc062723c751e8b465ee728b)
Start importing Assets/scripts/torreta.cs using Guid(65f108c80db7ebf44a6686b1dbd056dd) Importer(815301076,1909f56bfc062723c751e8b465ee728b)  -> (artifact id: '144c57585d86c09f3a10076e7cb32d21') in 0.060538 seconds 
  Import took 0.087630 seconds .

========================================================================
Received Import Request.
  Time since last request: 0.662726 seconds.
  path: Assets/scripts/enemigoscaidos.cs
  artifactKey: Guid(1a34bff2039ac614aa39c5738a359543) Importer(815301076,1909f56bfc062723c751e8b465ee728b)
Start importing Assets/scripts/enemigoscaidos.cs using Guid(1a34bff2039ac614aa39c5738a359543) Importer(815301076,1909f56bfc062723c751e8b465ee728b)  -> (artifact id: '75b13923d669110bb2974baf8fc2e6c7') in 0.007172 seconds 
  Import took 0.010828 seconds .

========================================================================
Received Import Request.
  Time since last request: 3.349719 seconds.
  path: Assets/scripts/disparo.cs
  artifactKey: Guid(53b964868ccc385499f038cd77fa211d) Importer(815301076,1909f56bfc062723c751e8b465ee728b)
Start importing Assets/scripts/disparo.cs using Guid(53b964868ccc385499f038cd77fa211d) Importer(815301076,1909f56bfc062723c751e8b465ee728b)  -> (artifact id: '91e7d767f35cc2a824f457b132083afb') in 0.029284 seconds 
  Import took 0.033521 seconds .

========================================================================
Received Prepare
Registering precompiled user dll's ...
Registered in 0.004409 seconds.
Begin MonoManager ReloadAssembly
Native extension for WindowsStandalone target not found
Refreshing native plugins compatible for Editor in 0.70 ms, found 2 plugins.
Preloading 0 native plugins for Editor in 0.00 ms.
Mono: successfully reloaded assembly
- Completed reload, in  1.490 seconds
Domain Reload Profiling:
	ReloadAssembly (1491ms)
		BeginReloadAssembly (163ms)
			ExecutionOrderSort (0ms)
			DisableScriptedObjects (11ms)
			BackupInstance (0ms)
			ReleaseScriptingObjects (0ms)
			CreateAndSetChildDomain (48ms)
		EndReloadAssembly (1232ms)
			LoadAssemblies (118ms)
			RebuildTransferFunctionScriptingTraits (0ms)
			SetupTypeCache (428ms)
			ReleaseScriptCaches (2ms)
			RebuildScriptCaches (82ms)
			SetupLoadedEditorAssemblies (436ms)
				LogAssemblyErrors (0ms)
				InitializePlatformSupportModulesInManaged (8ms)
				SetLoadedEditorAssemblies (1ms)
				RefreshPlugins (1ms)
				BeforeProcessingInitializeOnLoad (125ms)
				ProcessInitializeOnLoadAttributes (279ms)
				ProcessInitializeOnLoadMethodAttributes (17ms)
				AfterProcessingInitializeOnLoad (4ms)
				EditorAssembliesLoaded (0ms)
			ExecutionOrderSort2 (0ms)
			AwakeInstancesAfterBackupRestoration (12ms)
Platform modules already initialized, skipping
Refreshing native plugins compatible for Editor in 0.63 ms, found 2 plugins.
Preloading 0 native plugins for Editor in 0.00 ms.
Unloading 1614 Unused Serialized files (Serialized files now loaded: 0)
System memory in use before: 72.4 MB.
System memory in use after: 72.5 MB.

Unloading 14 unused Assets to reduce memory usage. Loaded Objects now: 2057.
Total: 4.621200 ms (FindLiveObjects: 0.316300 ms CreateObjectMapping: 0.083000 ms MarkObjects: 4.194500 ms  DeleteObjects: 0.025800 ms)

AssetImportParameters requested are different than current active one (requested -> active):
  custom:framework-win-MediaFoundation: 216162199b28c13a410421893ffa2e32 -> 
  custom:video-decoder-ogg-theora: a1e56fd34408186e4bbccfd4996cb3dc -> 
  custom:container-muxer-webm: aa71ff27fc2769a1b78a27578f13a17b -> 
  custom:container-demuxer-webm: 4f35f7cbe854078d1ac9338744f61a02 -> 
  custom:container-demuxer-ogg: 62fdf1f143b41e24485cea50d1cbac27 -> 
  custom:video-encoder-webm-vp8: eb34c28f22e8b96e1ab97ce403110664 -> 
  custom:video-decoder-webm-vp8: 9c59270c3fd7afecdb556c50c9e8de78 -> 
  custom:audio-decoder-ogg-vorbis: bf7c407c2cedff20999df2af8eb42d56 -> 
  custom:audio-encoder-webm-vorbis: bf7c407c2cedff20999df2af8eb42d56 -> 
========================================================================
Received Import Request.
  Time since last request: 68.969614 seconds.
  path: Assets/scripts/animacion.cs
  artifactKey: Guid(c043eda024ced464bb8233122d8b0527) Importer(815301076,1909f56bfc062723c751e8b465ee728b)
Start importing Assets/scripts/animacion.cs using Guid(c043eda024ced464bb8233122d8b0527) Importer(815301076,1909f56bfc062723c751e8b465ee728b)  -> (artifact id: 'd141e16973671c79beae07a5ed50b41b') in 0.014551 seconds 
  Import took 0.026359 seconds .

========================================================================
Received Import Request.
  Time since last request: 0.343100 seconds.
  path: Assets/scripts/caja.cs
  artifactKey: Guid(0fc471baf75cd3f49999ba4ce1c4d5c6) Importer(815301076,1909f56bfc062723c751e8b465ee728b)
Start importing Assets/scripts/caja.cs using Guid(0fc471baf75cd3f49999ba4ce1c4d5c6) Importer(815301076,1909f56bfc062723c751e8b465ee728b)  -> (artifact id: 'b1107e9f2bc258b9cb0cf62c2d7f7ae8') in 0.008488 seconds 
  Import took 0.012790 seconds .

========================================================================
Received Import Request.
  Time since last request: 1.147725 seconds.
  path: Assets/scripts/disparo2.cs
  artifactKey: Guid(24c5da0f55fb8b444b44fbeb0ba5f9b7) Importer(815301076,1909f56bfc062723c751e8b465ee728b)
Start importing Assets/scripts/disparo2.cs using Guid(24c5da0f55fb8b444b44fbeb0ba5f9b7) Importer(815301076,1909f56bfc062723c751e8b465ee728b)  -> (artifact id: 'd16e478e942202f418a8a700afc739e5') in 0.010913 seconds 
  Import took 0.015248 seconds .

========================================================================
Received Import Request.
  Time since last request: 0.337882 seconds.
  path: Assets/scripts/disparo3.cs
  artifactKey: Guid(38ac88711cef6e444a1c0c1ccfb71b3c) Importer(815301076,1909f56bfc062723c751e8b465ee728b)
Start importing Assets/scripts/disparo3.cs using Guid(38ac88711cef6e444a1c0c1ccfb71b3c) Importer(815301076,1909f56bfc062723c751e8b465ee728b)  -> (artifact id: 'b95f0926ed9e1635398447036c975328') in 0.008627 seconds 
  Import took 0.032658 seconds .

========================================================================
Received Import Request.
  Time since last request: 2.481465 seconds.
  path: Assets/scripts/personaje.cs
  artifactKey: Guid(bd6f01f5b1365c5469dfeb5d6e15b47d) Importer(815301076,1909f56bfc062723c751e8b465ee728b)
Start importing Assets/scripts/personaje.cs using Guid(bd6f01f5b1365c5469dfeb5d6e15b47d) Importer(815301076,1909f56bfc062723c751e8b465ee728b)  -> (artifact id: '82e6bec54d6948dba71b4227a189e9b4') in 0.009891 seconds 
  Import took 0.018021 seconds .

========================================================================
Received Import Request.
  Time since last request: 1.935857 seconds.
  path: Assets/scripts/torretahitbox.cs
  artifactKey: Guid(e82a5a930ed8f2c4ca272c4fccdb9d22) Importer(815301076,1909f56bfc062723c751e8b465ee728b)
Start importing Assets/scripts/torretahitbox.cs using Guid(e82a5a930ed8f2c4ca272c4fccdb9d22) Importer(815301076,1909f56bfc062723c751e8b465ee728b)  -> (artifact id: 'ef81b202229a05f0d5a64868c4a0c231') in 0.008654 seconds 
  Import took 0.012899 seconds .

========================================================================
Received Import Request.
  Time since last request: 0.501003 seconds.
  path: Assets/scripts/tv.cs
  artifactKey: Guid(2d4f3f03946d27e459984f68832d6634) Importer(815301076,1909f56bfc062723c751e8b465ee728b)
Start importing Assets/scripts/tv.cs using Guid(2d4f3f03946d27e459984f68832d6634) Importer(815301076,1909f56bfc062723c751e8b465ee728b)  -> (artifact id: '8dfd051f66e59c9bd8a923a2873f1c7c') in 0.008989 seconds 
  Import took 0.012710 seconds .

========================================================================
Received Prepare
Registering precompiled user dll's ...
Registered in 0.005463 seconds.
Begin MonoManager ReloadAssembly
Native extension for WindowsStandalone target not found
Refreshing native plugins compatible for Editor in 0.67 ms, found 2 plugins.
Preloading 0 native plugins for Editor in 0.00 ms.
Mono: successfully reloaded assembly
- Completed reload, in  1.348 seconds
Domain Reload Profiling:
	ReloadAssembly (1349ms)
		BeginReloadAssembly (147ms)
			ExecutionOrderSort (0ms)
			DisableScriptedObjects (10ms)
			BackupInstance (0ms)
			ReleaseScriptingObjects (0ms)
			CreateAndSetChildDomain (48ms)
		EndReloadAssembly (1115ms)
			LoadAssemblies (116ms)
			RebuildTransferFunctionScriptingTraits (0ms)
			SetupTypeCache (406ms)
			ReleaseScriptCaches (1ms)
			RebuildScriptCaches (62ms)
			SetupLoadedEditorAssemblies (399ms)
				LogAssemblyErrors (0ms)
				InitializePlatformSupportModulesInManaged (7ms)
				SetLoadedEditorAssemblies (1ms)
				RefreshPlugins (1ms)
				BeforeProcessingInitializeOnLoad (110ms)
				ProcessInitializeOnLoadAttributes (257ms)
				ProcessInitializeOnLoadMethodAttributes (20ms)
				AfterProcessingInitializeOnLoad (3ms)
				EditorAssembliesLoaded (0ms)
			ExecutionOrderSort2 (0ms)
			AwakeInstancesAfterBackupRestoration (10ms)
Platform modules already initialized, skipping
Refreshing native plugins compatible for Editor in 0.51 ms, found 2 plugins.
Preloading 0 native plugins for Editor in 0.00 ms.
Unloading 1614 Unused Serialized files (Serialized files now loaded: 0)
System memory in use before: 72.5 MB.
System memory in use after: 72.6 MB.

Unloading 14 unused Assets to reduce memory usage. Loaded Objects now: 2059.
Total: 5.123500 ms (FindLiveObjects: 0.288500 ms CreateObjectMapping: 0.059400 ms MarkObjects: 4.746500 ms  DeleteObjects: 0.026400 ms)

AssetImportParameters requested are different than current active one (requested -> active):
  custom:framework-win-MediaFoundation: 216162199b28c13a410421893ffa2e32 -> 
  custom:video-decoder-ogg-theora: a1e56fd34408186e4bbccfd4996cb3dc -> 
  custom:container-muxer-webm: aa71ff27fc2769a1b78a27578f13a17b -> 
  custom:container-demuxer-webm: 4f35f7cbe854078d1ac9338744f61a02 -> 
  custom:container-demuxer-ogg: 62fdf1f143b41e24485cea50d1cbac27 -> 
  custom:video-encoder-webm-vp8: eb34c28f22e8b96e1ab97ce403110664 -> 
  custom:video-decoder-webm-vp8: 9c59270c3fd7afecdb556c50c9e8de78 -> 
  custom:audio-decoder-ogg-vorbis: bf7c407c2cedff20999df2af8eb42d56 -> 
  custom:audio-encoder-webm-vorbis: bf7c407c2cedff20999df2af8eb42d56 -> 
========================================================================
Received Import Request.
  Time since last request: 20.142011 seconds.
  path: Assets/scripts/UI
  artifactKey: Guid(caa3d701e268d3d4f9e9a8d288fc56fa) Importer(815301076,1909f56bfc062723c751e8b465ee728b)
Start importing Assets/scripts/UI using Guid(caa3d701e268d3d4f9e9a8d288fc56fa) Importer(815301076,1909f56bfc062723c751e8b465ee728b)  -> (artifact id: '5079b062eb04897cfa9d8bd01236b14c') in 0.013093 seconds 
  Import took 0.037946 seconds .

========================================================================
Received Import Request.
  Time since last request: 7.757039 seconds.
  path: Assets/scripts/explosion.cs
  artifactKey: Guid(ef02e3865300da24382448eb7de8e543) Importer(815301076,1909f56bfc062723c751e8b465ee728b)
Start importing Assets/scripts/explosion.cs using Guid(ef02e3865300da24382448eb7de8e543) Importer(815301076,1909f56bfc062723c751e8b465ee728b)  -> (artifact id: 'dee2098bc3978eadbe8b9d06b35d2427') in 0.030368 seconds 
  Import took 0.033975 seconds .

AssetImportWorkerClient::OnTransportError - code=2 error=End of file
